<?xml version="1.0" encoding="UTF-8"?>
<!-- Generated by org.testng.reporters.JUnitReportReporter -->
<testsuite hostname="SPL1325" failures="0" tests="1" name="Primero.ForgotPassword" time="45.459" errors="0" timestamp="2024-03-28T12:12:53 IST" skipped="0">
  <testcase classname="Primero.ForgotPassword" name="testemail" time="45.459"/>
</testsuite> <!-- Primero.ForgotPassword -->
