<?xml version="1.0" encoding="UTF-8"?>
<!-- Generated by org.testng.reporters.JUnitReportReporter -->
<testsuite hostname="SPL1325" failures="0" tests="1" name="Primero.EmailTesting" time="17.277" errors="0" timestamp="2024-03-20T19:01:06 IST" skipped="0">
  <testcase classname="Primero.EmailTesting" name="testemail" time="17.277"/>
</testsuite> <!-- Primero.EmailTesting -->
