<?xml version="1.0" encoding="UTF-8"?>
<!-- Generated by org.testng.reporters.JUnitReportReporter -->
<testsuite hostname="SPL1325" failures="0" tests="1" name="Primero.Login_InvalidCreds" time="8.147" errors="0" timestamp="2024-03-26T14:38:44 IST" skipped="0">
  <testcase classname="Primero.Login_InvalidCreds" name="test" time="8.147"/>
</testsuite> <!-- Primero.Login_InvalidCreds -->
